Microsoft (R) Macro Assembler Version 14.12.25835.0	    02/02/18 06:58:38
Main.asm						     Page 1 - 1


				.386
				.model flat, stdcall
				.stack 4096
				ExitProcess PROTO, dwExitCode: DWORD

 00000000			.data
					; define your variable here


 00000000			.code


 00000000			main PROC
					; write your assembly code here
 00000000  83 C0 05			add eax,5	; start at offset 00000000, 83 05 is instruction code, 05 is 8-bit constant value
 00000003  83 C2 05			add edx,5	; 3 bytes from initial offset 00000000
					


					Invoke ExitProcess, 0

 0000000D			main endp
				end main
Microsoft (R) Macro Assembler Version 14.12.25835.0	    02/02/18 06:58:38
Main.asm						     Symbols 2 - 1




Segments and Groups:

                N a m e                 Size     Length   Align   Combine Class

FLAT . . . . . . . . . . . . . .	GROUP
STACK  . . . . . . . . . . . . .	32 Bit	 00001000 DWord	  Stack	  'STACK'	 
_DATA  . . . . . . . . . . . . .	32 Bit	 00000000 DWord	  Public  'DATA'	
_TEXT  . . . . . . . . . . . . .	32 Bit	 0000000D DWord	  Public  'CODE'	


Procedures, parameters, and locals:

                N a m e                 Type     Value    Attr

ExitProcess  . . . . . . . . . .	P Near	 00000000 FLAT	Length= 00000000 External STDCALL
main . . . . . . . . . . . . . .	P Near	 00000000 _TEXT	Length= 0000000D Public STDCALL


Symbols:

                N a m e                 Type     Value    Attr

@CodeSize  . . . . . . . . . . .	Number	 00000000h   
@DataSize  . . . . . . . . . . .	Number	 00000000h   
@Interface . . . . . . . . . . .	Number	 00000003h   
@Model . . . . . . . . . . . . .	Number	 00000007h   
@code  . . . . . . . . . . . . .	Text   	 _TEXT
@data  . . . . . . . . . . . . .	Text   	 FLAT
@fardata?  . . . . . . . . . . .	Text   	 FLAT
@fardata . . . . . . . . . . . .	Text   	 FLAT
@stack . . . . . . . . . . . . .	Text   	 FLAT

	   0 Warnings
	   0 Errors
